[1201/094510.999:ERROR:crash_report_database_win.cc(585)] GetFileAttributes C:\Users\99002591\AppData\Local\Temp\scoped_dir15088_1260103539\Crashpad: The system cannot find the file specified. (0x2)
[1201/094521.429:ERROR:crash_report_database_win.cc(585)] GetFileAttributes C:\Users\99002591\AppData\Local\Temp\scoped_dir584_2013487584\Crashpad: The system cannot find the file specified. (0x2)
[1201/094532.301:ERROR:crash_report_database_win.cc(585)] GetFileAttributes C:\Users\99002591\AppData\Local\Temp\scoped_dir16500_1209951535\Crashpad: The system cannot find the file specified. (0x2)
[1201/094542.535:ERROR:crash_report_database_win.cc(585)] GetFileAttributes C:\Users\99002591\AppData\Local\Temp\scoped_dir17984_2015117574\Crashpad: The system cannot find the file specified. (0x2)
[1201/094646.448:ERROR:crash_report_database_win.cc(585)] GetFileAttributes C:\Users\99002591\AppData\Local\Temp\scoped_dir16852_1483681209\Crashpad: The system cannot find the file specified. (0x2)
[1201/094657.173:ERROR:crash_report_database_win.cc(585)] GetFileAttributes C:\Users\99002591\AppData\Local\Temp\scoped_dir10744_1947922119\Crashpad: The system cannot find the file specified. (0x2)
[1201/094901.550:ERROR:directory_reader_win.cc(43)] FindFirstFile: The system cannot find the path specified. (0x3)
[1201/104139.396:ERROR:crash_report_database_win.cc(585)] GetFileAttributes C:\Users\99002591\AppData\Local\Temp\scoped_dir16992_1475194055\Crashpad: The system cannot find the file specified. (0x2)
[1201/115429.567:ERROR:crash_report_database_win.cc(585)] GetFileAttributes C:\Users\99002591\AppData\Local\Temp\scoped_dir14708_1739586792\Crashpad: The system cannot find the file specified. (0x2)
[1201/115442.962:ERROR:crash_report_database_win.cc(585)] GetFileAttributes C:\Users\99002591\AppData\Local\Temp\scoped_dir12732_348839266\Crashpad: The system cannot find the file specified. (0x2)
[1201/115641.270:ERROR:crash_report_database_win.cc(585)] GetFileAttributes C:\Users\99002591\AppData\Local\Temp\scoped_dir4744_1501077420\Crashpad: The system cannot find the file specified. (0x2)
[1201/115652.730:ERROR:crash_report_database_win.cc(585)] GetFileAttributes C:\Users\99002591\AppData\Local\Temp\scoped_dir13524_1489553421\Crashpad: The system cannot find the file specified. (0x2)
[1201/142527.826:ERROR:crash_report_database_win.cc(585)] GetFileAttributes C:\Users\99002591\AppData\Local\Temp\scoped_dir12488_448911019\Crashpad: The system cannot find the file specified. (0x2)
[1201/143428.345:ERROR:directory_reader_win.cc(43)] FindFirstFile: The system cannot find the path specified. (0x3)
[1201/143428.354:ERROR:prune_crash_reports.cc(36)] PruneCrashReportDatabase: Failed to get pending reports
[1201/163251.939:ERROR:crash_report_database_win.cc(585)] GetFileAttributes C:\Users\99002591\AppData\Local\Temp\scoped_dir9816_1048150948\Crashpad: The system cannot find the file specified. (0x2)
[1201/181504.013:ERROR:process_reader_win.cc(123)] NtOpenThread: {Access Denied} A process has requested access to an object, but has not been granted those access rights. (0xc0000022)
[1201/181504.060:ERROR:exception_snapshot_win.cc(99)] thread ID 17796 not found in process
[1202/092812.749:ERROR:crash_report_database_win.cc(585)] GetFileAttributes C:\Users\99002591\AppData\Local\Temp\scoped_dir3464_1129143222\Crashpad: The system cannot find the file specified. (0x2)
[1202/092823.595:ERROR:crash_report_database_win.cc(585)] GetFileAttributes C:\Users\99002591\AppData\Local\Temp\scoped_dir9616_401914669\Crashpad: The system cannot find the file specified. (0x2)
[1202/092839.832:ERROR:crash_report_database_win.cc(585)] GetFileAttributes C:\Users\99002591\AppData\Local\Temp\scoped_dir11460_624517181\Crashpad: The system cannot find the file specified. (0x2)
[1202/092849.843:ERROR:crash_report_database_win.cc(585)] GetFileAttributes C:\Users\99002591\AppData\Local\Temp\scoped_dir8860_2098399697\Crashpad: The system cannot find the file specified. (0x2)
[1202/092901.434:ERROR:crash_report_database_win.cc(585)] GetFileAttributes C:\Users\99002591\AppData\Local\Temp\scoped_dir7936_1730717450\Crashpad: The system cannot find the file specified. (0x2)
[1202/092912.697:ERROR:crash_report_database_win.cc(585)] GetFileAttributes C:\Users\99002591\AppData\Local\Temp\scoped_dir2332_1671621690\Crashpad: The system cannot find the file specified. (0x2)
[1202/092923.851:ERROR:crash_report_database_win.cc(585)] GetFileAttributes C:\Users\99002591\AppData\Local\Temp\scoped_dir11284_58540625\Crashpad: The system cannot find the file specified. (0x2)
[1202/092933.919:ERROR:crash_report_database_win.cc(585)] GetFileAttributes C:\Users\99002591\AppData\Local\Temp\scoped_dir2704_863829983\Crashpad: The system cannot find the file specified. (0x2)
[1202/092945.113:ERROR:crash_report_database_win.cc(585)] GetFileAttributes C:\Users\99002591\AppData\Local\Temp\scoped_dir8976_1018364378\Crashpad: The system cannot find the file specified. (0x2)
[1202/092954.654:ERROR:crash_report_database_win.cc(585)] GetFileAttributes C:\Users\99002591\AppData\Local\Temp\scoped_dir12760_20782848\Crashpad: The system cannot find the file specified. (0x2)
[1202/093006.025:ERROR:crash_report_database_win.cc(585)] GetFileAttributes C:\Users\99002591\AppData\Local\Temp\scoped_dir2576_1094706193\Crashpad: The system cannot find the file specified. (0x2)
[1202/093020.182:ERROR:crash_report_database_win.cc(585)] GetFileAttributes C:\Users\99002591\AppData\Local\Temp\scoped_dir13208_1813495922\Crashpad: The system cannot find the file specified. (0x2)
[1202/093030.067:ERROR:crash_report_database_win.cc(585)] GetFileAttributes C:\Users\99002591\AppData\Local\Temp\scoped_dir14752_1722424411\Crashpad: The system cannot find the file specified. (0x2)
[1202/093039.602:ERROR:crash_report_database_win.cc(585)] GetFileAttributes C:\Users\99002591\AppData\Local\Temp\scoped_dir11656_1452597464\Crashpad: The system cannot find the file specified. (0x2)
[1202/093100.861:ERROR:crash_report_database_win.cc(585)] GetFileAttributes C:\Users\99002591\AppData\Local\Temp\scoped_dir14744_1169937147\Crashpad: The system cannot find the file specified. (0x2)
[1202/093111.527:ERROR:crash_report_database_win.cc(585)] GetFileAttributes C:\Users\99002591\AppData\Local\Temp\scoped_dir15632_202896908\Crashpad: The system cannot find the file specified. (0x2)
[1202/093123.643:ERROR:crash_report_database_win.cc(585)] GetFileAttributes C:\Users\99002591\AppData\Local\Temp\scoped_dir13012_1756565643\Crashpad: The system cannot find the file specified. (0x2)
[1202/093134.233:ERROR:crash_report_database_win.cc(585)] GetFileAttributes C:\Users\99002591\AppData\Local\Temp\scoped_dir16144_1150685308\Crashpad: The system cannot find the file specified. (0x2)
[1202/093145.164:ERROR:crash_report_database_win.cc(585)] GetFileAttributes C:\Users\99002591\AppData\Local\Temp\scoped_dir9416_580764920\Crashpad: The system cannot find the file specified. (0x2)
[1202/093156.682:ERROR:crash_report_database_win.cc(585)] GetFileAttributes C:\Users\99002591\AppData\Local\Temp\scoped_dir8924_1958932109\Crashpad: The system cannot find the file specified. (0x2)
[1202/094837.262:ERROR:crash_report_database_win.cc(585)] GetFileAttributes C:\Users\99002591\AppData\Local\Temp\scoped_dir15020_783342009\Crashpad: The system cannot find the file specified. (0x2)
[1202/094851.667:ERROR:crash_report_database_win.cc(585)] GetFileAttributes C:\Users\99002591\AppData\Local\Temp\scoped_dir1960_229248116\Crashpad: The system cannot find the file specified. (0x2)
[1202/094903.384:ERROR:crash_report_database_win.cc(585)] GetFileAttributes C:\Users\99002591\AppData\Local\Temp\scoped_dir3212_2006217329\Crashpad: The system cannot find the file specified. (0x2)
[1202/094914.421:ERROR:crash_report_database_win.cc(585)] GetFileAttributes C:\Users\99002591\AppData\Local\Temp\scoped_dir9868_1799556036\Crashpad: The system cannot find the file specified. (0x2)
[1202/094925.813:ERROR:crash_report_database_win.cc(585)] GetFileAttributes C:\Users\99002591\AppData\Local\Temp\scoped_dir11960_303287447\Crashpad: The system cannot find the file specified. (0x2)
[1202/094936.820:ERROR:crash_report_database_win.cc(585)] GetFileAttributes C:\Users\99002591\AppData\Local\Temp\scoped_dir15484_1815247510\Crashpad: The system cannot find the file specified. (0x2)
[1202/094947.955:ERROR:crash_report_database_win.cc(585)] GetFileAttributes C:\Users\99002591\AppData\Local\Temp\scoped_dir14600_1765164666\Crashpad: The system cannot find the file specified. (0x2)
[1202/095002.937:ERROR:crash_report_database_win.cc(585)] GetFileAttributes C:\Users\99002591\AppData\Local\Temp\scoped_dir8328_717310350\Crashpad: The system cannot find the file specified. (0x2)
[1202/095138.125:ERROR:crash_report_database_win.cc(585)] GetFileAttributes C:\Users\99002591\AppData\Local\Temp\scoped_dir10912_1348746853\Crashpad: The system cannot find the file specified. (0x2)
[1202/095202.146:ERROR:crash_report_database_win.cc(585)] GetFileAttributes C:\Users\99002591\AppData\Local\Temp\scoped_dir14500_1959278752\Crashpad: The system cannot find the file specified. (0x2)
[1202/095232.145:ERROR:crash_report_database_win.cc(585)] GetFileAttributes C:\Users\99002591\AppData\Local\Temp\scoped_dir10548_2088065646\Crashpad: The system cannot find the file specified. (0x2)
[1202/095241.589:ERROR:crash_report_database_win.cc(585)] GetFileAttributes C:\Users\99002591\AppData\Local\Temp\scoped_dir3156_1517487094\Crashpad: The system cannot find the file specified. (0x2)
[1202/095251.681:ERROR:crash_report_database_win.cc(585)] GetFileAttributes C:\Users\99002591\AppData\Local\Temp\scoped_dir15012_1589629957\Crashpad: The system cannot find the file specified. (0x2)
[1202/095326.959:ERROR:crash_report_database_win.cc(585)] GetFileAttributes C:\Users\99002591\AppData\Local\Temp\scoped_dir11764_2107031804\Crashpad: The system cannot find the file specified. (0x2)
[1202/095338.255:ERROR:crash_report_database_win.cc(585)] GetFileAttributes C:\Users\99002591\AppData\Local\Temp\scoped_dir11948_491326346\Crashpad: The system cannot find the file specified. (0x2)
[1202/095835.388:ERROR:crash_report_database_win.cc(585)] GetFileAttributes C:\Users\99002591\AppData\Local\Temp\scoped_dir12304_356241906\Crashpad: The system cannot find the file specified. (0x2)
[1202/095846.615:ERROR:crash_report_database_win.cc(585)] GetFileAttributes C:\Users\99002591\AppData\Local\Temp\scoped_dir8712_685729618\Crashpad: The system cannot find the file specified. (0x2)
[1202/095857.954:ERROR:crash_report_database_win.cc(585)] GetFileAttributes C:\Users\99002591\AppData\Local\Temp\scoped_dir16908_1163648262\Crashpad: The system cannot find the file specified. (0x2)
[1202/095908.942:ERROR:crash_report_database_win.cc(585)] GetFileAttributes C:\Users\99002591\AppData\Local\Temp\scoped_dir16704_2099714712\Crashpad: The system cannot find the file specified. (0x2)
[1202/095919.604:ERROR:crash_report_database_win.cc(585)] GetFileAttributes C:\Users\99002591\AppData\Local\Temp\scoped_dir17012_1932522944\Crashpad: The system cannot find the file specified. (0x2)
[1202/095930.423:ERROR:crash_report_database_win.cc(585)] GetFileAttributes C:\Users\99002591\AppData\Local\Temp\scoped_dir16460_1338499873\Crashpad: The system cannot find the file specified. (0x2)
[1202/095942.734:ERROR:crash_report_database_win.cc(585)] GetFileAttributes C:\Users\99002591\AppData\Local\Temp\scoped_dir16720_12624242\Crashpad: The system cannot find the file specified. (0x2)
[1202/095952.878:ERROR:crash_report_database_win.cc(585)] GetFileAttributes C:\Users\99002591\AppData\Local\Temp\scoped_dir16792_1868974514\Crashpad: The system cannot find the file specified. (0x2)
[1202/100003.634:ERROR:crash_report_database_win.cc(585)] GetFileAttributes C:\Users\99002591\AppData\Local\Temp\scoped_dir16780_1813783835\Crashpad: The system cannot find the file specified. (0x2)
[1202/100014.493:ERROR:crash_report_database_win.cc(585)] GetFileAttributes C:\Users\99002591\AppData\Local\Temp\scoped_dir17796_931186242\Crashpad: The system cannot find the file specified. (0x2)
[1202/100030.062:ERROR:crash_report_database_win.cc(585)] GetFileAttributes C:\Users\99002591\AppData\Local\Temp\scoped_dir7856_240285382\Crashpad: The system cannot find the file specified. (0x2)
[1202/100041.146:ERROR:crash_report_database_win.cc(585)] GetFileAttributes C:\Users\99002591\AppData\Local\Temp\scoped_dir14896_1846395119\Crashpad: The system cannot find the file specified. (0x2)
[1202/100051.488:ERROR:crash_report_database_win.cc(585)] GetFileAttributes C:\Users\99002591\AppData\Local\Temp\scoped_dir17576_2102292136\Crashpad: The system cannot find the file specified. (0x2)
[1202/100101.566:ERROR:crash_report_database_win.cc(585)] GetFileAttributes C:\Users\99002591\AppData\Local\Temp\scoped_dir18036_1722734355\Crashpad: The system cannot find the file specified. (0x2)
[1202/100455.387:ERROR:crash_report_database_win.cc(585)] GetFileAttributes C:\Users\99002591\AppData\Local\Temp\scoped_dir14532_1911181601\Crashpad: The system cannot find the file specified. (0x2)
[1202/100505.135:ERROR:crash_report_database_win.cc(585)] GetFileAttributes C:\Users\99002591\AppData\Local\Temp\scoped_dir7308_1715032919\Crashpad: The system cannot find the file specified. (0x2)
[1202/100516.495:ERROR:crash_report_database_win.cc(585)] GetFileAttributes C:\Users\99002591\AppData\Local\Temp\scoped_dir16888_761507754\Crashpad: The system cannot find the file specified. (0x2)
[1202/100527.523:ERROR:crash_report_database_win.cc(585)] GetFileAttributes C:\Users\99002591\AppData\Local\Temp\scoped_dir17612_1111373352\Crashpad: The system cannot find the file specified. (0x2)
[1202/100538.575:ERROR:crash_report_database_win.cc(585)] GetFileAttributes C:\Users\99002591\AppData\Local\Temp\scoped_dir5516_981816250\Crashpad: The system cannot find the file specified. (0x2)
[1202/100550.243:ERROR:crash_report_database_win.cc(585)] GetFileAttributes C:\Users\99002591\AppData\Local\Temp\scoped_dir14560_1246665299\Crashpad: The system cannot find the file specified. (0x2)
[1202/100602.523:ERROR:crash_report_database_win.cc(585)] GetFileAttributes C:\Users\99002591\AppData\Local\Temp\scoped_dir17864_76079635\Crashpad: The system cannot find the file specified. (0x2)
[1202/100613.257:ERROR:crash_report_database_win.cc(585)] GetFileAttributes C:\Users\99002591\AppData\Local\Temp\scoped_dir14084_1198520225\Crashpad: The system cannot find the file specified. (0x2)
[1202/100624.539:ERROR:crash_report_database_win.cc(585)] GetFileAttributes C:\Users\99002591\AppData\Local\Temp\scoped_dir15276_1378804252\Crashpad: The system cannot find the file specified. (0x2)
[1202/100637.779:ERROR:crash_report_database_win.cc(585)] GetFileAttributes C:\Users\99002591\AppData\Local\Temp\scoped_dir19004_277000404\Crashpad: The system cannot find the file specified. (0x2)
[1202/100911.092:ERROR:crash_report_database_win.cc(585)] GetFileAttributes C:\Users\99002591\AppData\Local\Temp\scoped_dir18852_1137861753\Crashpad: The system cannot find the file specified. (0x2)
[1202/100922.873:ERROR:crash_report_database_win.cc(585)] GetFileAttributes C:\Users\99002591\AppData\Local\Temp\scoped_dir17224_2100280501\Crashpad: The system cannot find the file specified. (0x2)
[1202/101323.329:ERROR:crash_report_database_win.cc(585)] GetFileAttributes C:\Users\99002591\AppData\Local\Temp\scoped_dir17572_144611975\Crashpad: The system cannot find the file specified. (0x2)
[1202/101445.617:ERROR:crash_report_database_win.cc(585)] GetFileAttributes C:\Users\99002591\AppData\Local\Temp\scoped_dir14968_1469443219\Crashpad: The system cannot find the file specified. (0x2)
[1202/101455.519:ERROR:crash_report_database_win.cc(585)] GetFileAttributes C:\Users\99002591\AppData\Local\Temp\scoped_dir16956_13987704\Crashpad: The system cannot find the file specified. (0x2)
[1202/101601.309:ERROR:crash_report_database_win.cc(585)] GetFileAttributes C:\Users\99002591\AppData\Local\Temp\scoped_dir18260_2122099483\Crashpad: The system cannot find the file specified. (0x2)
[1202/101638.269:ERROR:directory_reader_win.cc(43)] FindFirstFile: The system cannot find the path specified. (0x3)
[1202/102759.667:ERROR:crash_report_database_win.cc(585)] GetFileAttributes C:\Users\99002591\AppData\Local\Temp\scoped_dir17840_564996866\Crashpad: The system cannot find the file specified. (0x2)
[1202/103011.011:ERROR:crash_report_database_win.cc(585)] GetFileAttributes C:\Users\99002591\AppData\Local\Temp\scoped_dir17692_1797665443\Crashpad: The system cannot find the file specified. (0x2)
[1202/103241.838:ERROR:crash_report_database_win.cc(585)] GetFileAttributes C:\Users\99002591\AppData\Local\Temp\scoped_dir20156_1887190146\Crashpad: The system cannot find the file specified. (0x2)
[1202/103633.698:ERROR:crash_report_database_win.cc(585)] GetFileAttributes C:\Users\99002591\AppData\Local\Temp\scoped_dir6984_84530257\Crashpad: The system cannot find the file specified. (0x2)
[1202/103935.352:ERROR:crash_report_database_win.cc(585)] GetFileAttributes C:\Users\99002591\AppData\Local\Temp\scoped_dir20232_2071960316\Crashpad: The system cannot find the file specified. (0x2)
[1202/103951.687:ERROR:crash_report_database_win.cc(585)] GetFileAttributes C:\Users\99002591\AppData\Local\Temp\scoped_dir16640_678790024\Crashpad: The system cannot find the file specified. (0x2)
[1202/104136.758:ERROR:crash_report_database_win.cc(585)] GetFileAttributes C:\Users\99002591\AppData\Local\Temp\scoped_dir21332_1360350837\Crashpad: The system cannot find the file specified. (0x2)
[1202/104147.204:ERROR:crash_report_database_win.cc(585)] GetFileAttributes C:\Users\99002591\AppData\Local\Temp\scoped_dir15772_1174092821\Crashpad: The system cannot find the file specified. (0x2)
[1202/104157.764:ERROR:crash_report_database_win.cc(585)] GetFileAttributes C:\Users\99002591\AppData\Local\Temp\scoped_dir20672_806508136\Crashpad: The system cannot find the file specified. (0x2)
[1202/104233.531:ERROR:crash_report_database_win.cc(585)] GetFileAttributes C:\Users\99002591\AppData\Local\Temp\scoped_dir8044_405569746\Crashpad: The system cannot find the file specified. (0x2)
[1202/104244.259:ERROR:crash_report_database_win.cc(585)] GetFileAttributes C:\Users\99002591\AppData\Local\Temp\scoped_dir21292_68266800\Crashpad: The system cannot find the file specified. (0x2)
[1202/104255.236:ERROR:crash_report_database_win.cc(585)] GetFileAttributes C:\Users\99002591\AppData\Local\Temp\scoped_dir18236_1989650303\Crashpad: The system cannot find the file specified. (0x2)
[1202/104305.627:ERROR:crash_report_database_win.cc(585)] GetFileAttributes C:\Users\99002591\AppData\Local\Temp\scoped_dir13152_1924439992\Crashpad: The system cannot find the file specified. (0x2)
[1202/110627.685:ERROR:crash_report_database_win.cc(585)] GetFileAttributes C:\Users\99002591\AppData\Local\Temp\scoped_dir17924_897903225\Crashpad: The system cannot find the file specified. (0x2)
[1202/110641.834:ERROR:crash_report_database_win.cc(585)] GetFileAttributes C:\Users\99002591\AppData\Local\Temp\scoped_dir16252_1286370527\Crashpad: The system cannot find the file specified. (0x2)
[1202/110655.552:ERROR:crash_report_database_win.cc(585)] GetFileAttributes C:\Users\99002591\AppData\Local\Temp\scoped_dir22136_135048292\Crashpad: The system cannot find the file specified. (0x2)
[1202/110747.623:ERROR:crash_report_database_win.cc(585)] GetFileAttributes C:\Users\99002591\AppData\Local\Temp\scoped_dir22780_1942310036\Crashpad: The system cannot find the file specified. (0x2)
[1202/110801.233:ERROR:crash_report_database_win.cc(585)] GetFileAttributes C:\Users\99002591\AppData\Local\Temp\scoped_dir23112_337100283\Crashpad: The system cannot find the file specified. (0x2)
[1202/110814.434:ERROR:crash_report_database_win.cc(585)] GetFileAttributes C:\Users\99002591\AppData\Local\Temp\scoped_dir22364_888415316\Crashpad: The system cannot find the file specified. (0x2)
[1202/111142.291:ERROR:crash_report_database_win.cc(585)] GetFileAttributes C:\Users\99002591\AppData\Local\Temp\scoped_dir23352_479258195\Crashpad: The system cannot find the file specified. (0x2)
[1202/111204.639:ERROR:crash_report_database_win.cc(585)] GetFileAttributes C:\Users\99002591\AppData\Local\Temp\scoped_dir19268_360187250\Crashpad: The system cannot find the file specified. (0x2)
[1202/111242.852:ERROR:crash_report_database_win.cc(585)] GetFileAttributes C:\Users\99002591\AppData\Local\Temp\scoped_dir19536_2007433853\Crashpad: The system cannot find the file specified. (0x2)
[1202/111254.006:ERROR:crash_report_database_win.cc(585)] GetFileAttributes C:\Users\99002591\AppData\Local\Temp\scoped_dir20308_680099028\Crashpad: The system cannot find the file specified. (0x2)
[1202/111303.902:ERROR:crash_report_database_win.cc(585)] GetFileAttributes C:\Users\99002591\AppData\Local\Temp\scoped_dir22224_9696240\Crashpad: The system cannot find the file specified. (0x2)
[1202/111350.444:ERROR:crash_report_database_win.cc(585)] GetFileAttributes C:\Users\99002591\AppData\Local\Temp\scoped_dir23516_1915413745\Crashpad: The system cannot find the file specified. (0x2)
[1202/111401.741:ERROR:crash_report_database_win.cc(585)] GetFileAttributes C:\Users\99002591\AppData\Local\Temp\scoped_dir22056_1900969077\Crashpad: The system cannot find the file specified. (0x2)
[1202/111520.242:ERROR:crash_report_database_win.cc(585)] GetFileAttributes C:\Users\99002591\AppData\Local\Temp\scoped_dir11728_1194447959\Crashpad: The system cannot find the file specified. (0x2)
[1202/111539.268:ERROR:crash_report_database_win.cc(585)] GetFileAttributes C:\Users\99002591\AppData\Local\Temp\scoped_dir21452_463915642\Crashpad: The system cannot find the file specified. (0x2)
[1202/111554.121:ERROR:crash_report_database_win.cc(585)] GetFileAttributes C:\Users\99002591\AppData\Local\Temp\scoped_dir16872_1382434371\Crashpad: The system cannot find the file specified. (0x2)
[1202/113406.734:ERROR:crash_report_database_win.cc(585)] GetFileAttributes C:\Users\99002591\AppData\Local\Temp\scoped_dir15792_897297265\Crashpad: The system cannot find the file specified. (0x2)
[1202/113416.971:ERROR:crash_report_database_win.cc(585)] GetFileAttributes C:\Users\99002591\AppData\Local\Temp\scoped_dir21612_1063871375\Crashpad: The system cannot find the file specified. (0x2)
[1202/113427.446:ERROR:crash_report_database_win.cc(585)] GetFileAttributes C:\Users\99002591\AppData\Local\Temp\scoped_dir16040_1228660142\Crashpad: The system cannot find the file specified. (0x2)
[1202/113442.451:ERROR:crash_report_database_win.cc(585)] GetFileAttributes C:\Users\99002591\AppData\Local\Temp\scoped_dir19708_523324552\Crashpad: The system cannot find the file specified. (0x2)
[1202/113523.821:ERROR:crash_report_database_win.cc(585)] GetFileAttributes C:\Users\99002591\AppData\Local\Temp\scoped_dir23796_819141949\Crashpad: The system cannot find the file specified. (0x2)
[1202/113537.424:ERROR:crash_report_database_win.cc(585)] GetFileAttributes C:\Users\99002591\AppData\Local\Temp\scoped_dir13704_1173550777\Crashpad: The system cannot find the file specified. (0x2)
[1202/113552.602:ERROR:crash_report_database_win.cc(585)] GetFileAttributes C:\Users\99002591\AppData\Local\Temp\scoped_dir24272_1809992596\Crashpad: The system cannot find the file specified. (0x2)
[1202/113605.917:ERROR:crash_report_database_win.cc(585)] GetFileAttributes C:\Users\99002591\AppData\Local\Temp\scoped_dir20332_1309470497\Crashpad: The system cannot find the file specified. (0x2)
[1202/113620.024:ERROR:crash_report_database_win.cc(585)] GetFileAttributes C:\Users\99002591\AppData\Local\Temp\scoped_dir24204_295474642\Crashpad: The system cannot find the file specified. (0x2)
[1202/113633.625:ERROR:crash_report_database_win.cc(585)] GetFileAttributes C:\Users\99002591\AppData\Local\Temp\scoped_dir11188_152786040\Crashpad: The system cannot find the file specified. (0x2)
[1202/113655.766:ERROR:crash_report_database_win.cc(585)] GetFileAttributes C:\Users\99002591\AppData\Local\Temp\scoped_dir20720_1169736554\Crashpad: The system cannot find the file specified. (0x2)
[1202/113712.214:ERROR:crash_report_database_win.cc(585)] GetFileAttributes C:\Users\99002591\AppData\Local\Temp\scoped_dir22636_605365870\Crashpad: The system cannot find the file specified. (0x2)
[1202/113726.505:ERROR:crash_report_database_win.cc(585)] GetFileAttributes C:\Users\99002591\AppData\Local\Temp\scoped_dir23580_599071824\Crashpad: The system cannot find the file specified. (0x2)
[1202/113740.210:ERROR:crash_report_database_win.cc(585)] GetFileAttributes C:\Users\99002591\AppData\Local\Temp\scoped_dir25028_36707383\Crashpad: The system cannot find the file specified. (0x2)
[1202/113755.947:ERROR:crash_report_database_win.cc(585)] GetFileAttributes C:\Users\99002591\AppData\Local\Temp\scoped_dir23656_104149728\Crashpad: The system cannot find the file specified. (0x2)
[1202/113809.557:ERROR:crash_report_database_win.cc(585)] GetFileAttributes C:\Users\99002591\AppData\Local\Temp\scoped_dir15428_1292348186\Crashpad: The system cannot find the file specified. (0x2)
[1202/113823.297:ERROR:crash_report_database_win.cc(585)] GetFileAttributes C:\Users\99002591\AppData\Local\Temp\scoped_dir24060_57459177\Crashpad: The system cannot find the file specified. (0x2)
[1202/113907.903:ERROR:crash_report_database_win.cc(585)] GetFileAttributes C:\Users\99002591\AppData\Local\Temp\scoped_dir25332_1569304176\Crashpad: The system cannot find the file specified. (0x2)
[1202/115411.844:ERROR:crash_report_database_win.cc(585)] GetFileAttributes C:\Users\99002591\AppData\Local\Temp\scoped_dir24724_50183820\Crashpad: The system cannot find the file specified. (0x2)
[1202/115425.819:ERROR:crash_report_database_win.cc(585)] GetFileAttributes C:\Users\99002591\AppData\Local\Temp\scoped_dir25232_749528247\Crashpad: The system cannot find the file specified. (0x2)
[1202/115439.960:ERROR:crash_report_database_win.cc(585)] GetFileAttributes C:\Users\99002591\AppData\Local\Temp\scoped_dir24276_761275243\Crashpad: The system cannot find the file specified. (0x2)
[1202/115453.349:ERROR:crash_report_database_win.cc(585)] GetFileAttributes C:\Users\99002591\AppData\Local\Temp\scoped_dir17684_496560813\Crashpad: The system cannot find the file specified. (0x2)
[1202/115507.227:ERROR:crash_report_database_win.cc(585)] GetFileAttributes C:\Users\99002591\AppData\Local\Temp\scoped_dir23652_834664212\Crashpad: The system cannot find the file specified. (0x2)
[1202/115527.507:ERROR:crash_report_database_win.cc(585)] GetFileAttributes C:\Users\99002591\AppData\Local\Temp\scoped_dir22532_1502624386\Crashpad: The system cannot find the file specified. (0x2)
[1202/115543.062:ERROR:crash_report_database_win.cc(585)] GetFileAttributes C:\Users\99002591\AppData\Local\Temp\scoped_dir24948_618068845\Crashpad: The system cannot find the file specified. (0x2)
[1202/115556.130:ERROR:crash_report_database_win.cc(585)] GetFileAttributes C:\Users\99002591\AppData\Local\Temp\scoped_dir23880_36194917\Crashpad: The system cannot find the file specified. (0x2)
[1202/115609.431:ERROR:crash_report_database_win.cc(585)] GetFileAttributes C:\Users\99002591\AppData\Local\Temp\scoped_dir26004_682691147\Crashpad: The system cannot find the file specified. (0x2)
[1202/115626.299:ERROR:crash_report_database_win.cc(585)] GetFileAttributes C:\Users\99002591\AppData\Local\Temp\scoped_dir25436_390333191\Crashpad: The system cannot find the file specified. (0x2)
[1202/115640.879:ERROR:crash_report_database_win.cc(585)] GetFileAttributes C:\Users\99002591\AppData\Local\Temp\scoped_dir22520_1546395313\Crashpad: The system cannot find the file specified. (0x2)
[1202/115655.110:ERROR:crash_report_database_win.cc(585)] GetFileAttributes C:\Users\99002591\AppData\Local\Temp\scoped_dir25808_1088630746\Crashpad: The system cannot find the file specified. (0x2)
[1202/115730.997:ERROR:crash_report_database_win.cc(585)] GetFileAttributes C:\Users\99002591\AppData\Local\Temp\scoped_dir26456_1317148186\Crashpad: The system cannot find the file specified. (0x2)
[1202/140601.057:ERROR:crash_report_database_win.cc(585)] GetFileAttributes C:\Users\99002591\AppData\Local\Temp\scoped_dir20516_848121760\Crashpad: The system cannot find the file specified. (0x2)
[1202/140650.325:ERROR:crash_report_database_win.cc(585)] GetFileAttributes C:\Users\99002591\AppData\Local\Temp\scoped_dir19996_1581499352\Crashpad: The system cannot find the file specified. (0x2)
[1202/140704.470:ERROR:crash_report_database_win.cc(585)] GetFileAttributes C:\Users\99002591\AppData\Local\Temp\scoped_dir25632_283831100\Crashpad: The system cannot find the file specified. (0x2)
[1202/140718.623:ERROR:crash_report_database_win.cc(585)] GetFileAttributes C:\Users\99002591\AppData\Local\Temp\scoped_dir12040_1845224358\Crashpad: The system cannot find the file specified. (0x2)
[1202/144007.713:ERROR:crash_report_database_win.cc(585)] GetFileAttributes C:\Users\99002591\AppData\Local\Temp\scoped_dir1268_662981377\Crashpad: The system cannot find the file specified. (0x2)
[1202/144559.741:ERROR:crash_report_database_win.cc(585)] GetFileAttributes C:\Users\99002591\AppData\Local\Temp\scoped_dir20896_1618709504\Crashpad: The system cannot find the file specified. (0x2)
[1202/144614.181:ERROR:crash_report_database_win.cc(585)] GetFileAttributes C:\Users\99002591\AppData\Local\Temp\scoped_dir27548_548227192\Crashpad: The system cannot find the file specified. (0x2)
[1202/144629.040:ERROR:crash_report_database_win.cc(585)] GetFileAttributes C:\Users\99002591\AppData\Local\Temp\scoped_dir28060_1706435519\Crashpad: The system cannot find the file specified. (0x2)
[1202/145029.674:ERROR:crash_report_database_win.cc(585)] GetFileAttributes C:\Users\99002591\AppData\Local\Temp\scoped_dir17228_419697319\Crashpad: The system cannot find the file specified. (0x2)
[1202/145046.648:ERROR:crash_report_database_win.cc(585)] GetFileAttributes C:\Users\99002591\AppData\Local\Temp\scoped_dir21364_565695598\Crashpad: The system cannot find the file specified. (0x2)
[1202/145151.199:ERROR:crash_report_database_win.cc(585)] GetFileAttributes C:\Users\99002591\AppData\Local\Temp\scoped_dir23392_584853715\Crashpad: The system cannot find the file specified. (0x2)
[1202/145235.144:ERROR:crash_report_database_win.cc(585)] GetFileAttributes C:\Users\99002591\AppData\Local\Temp\scoped_dir24656_214306673\Crashpad: The system cannot find the file specified. (0x2)
[1202/145319.017:ERROR:crash_report_database_win.cc(585)] GetFileAttributes C:\Users\99002591\AppData\Local\Temp\scoped_dir23332_1383962401\Crashpad: The system cannot find the file specified. (0x2)
[1202/145404.438:ERROR:crash_report_database_win.cc(585)] GetFileAttributes C:\Users\99002591\AppData\Local\Temp\scoped_dir27160_853450900\Crashpad: The system cannot find the file specified. (0x2)
[1202/145418.835:ERROR:crash_report_database_win.cc(585)] GetFileAttributes C:\Users\99002591\AppData\Local\Temp\scoped_dir23608_44788570\Crashpad: The system cannot find the file specified. (0x2)
[1202/145433.062:ERROR:crash_report_database_win.cc(585)] GetFileAttributes C:\Users\99002591\AppData\Local\Temp\scoped_dir28256_61576014\Crashpad: The system cannot find the file specified. (0x2)
[1202/145447.624:ERROR:crash_report_database_win.cc(585)] GetFileAttributes C:\Users\99002591\AppData\Local\Temp\scoped_dir27764_1088220641\Crashpad: The system cannot find the file specified. (0x2)
[1202/145501.230:ERROR:crash_report_database_win.cc(585)] GetFileAttributes C:\Users\99002591\AppData\Local\Temp\scoped_dir24268_319643209\Crashpad: The system cannot find the file specified. (0x2)
[1202/145514.837:ERROR:crash_report_database_win.cc(585)] GetFileAttributes C:\Users\99002591\AppData\Local\Temp\scoped_dir21772_1907607479\Crashpad: The system cannot find the file specified. (0x2)
[1202/145559.795:ERROR:crash_report_database_win.cc(585)] GetFileAttributes C:\Users\99002591\AppData\Local\Temp\scoped_dir24248_1861966492\Crashpad: The system cannot find the file specified. (0x2)
[1202/150824.796:ERROR:crash_report_database_win.cc(585)] GetFileAttributes C:\Users\99002591\AppData\Local\Temp\scoped_dir28984_561942221\Crashpad: The system cannot find the file specified. (0x2)
[1202/150841.807:ERROR:crash_report_database_win.cc(585)] GetFileAttributes C:\Users\99002591\AppData\Local\Temp\scoped_dir28844_1489143538\Crashpad: The system cannot find the file specified. (0x2)
[1202/152818.748:ERROR:crash_report_database_win.cc(585)] GetFileAttributes C:\Users\99002591\AppData\Local\Temp\scoped_dir28952_350094230\Crashpad: The system cannot find the file specified. (0x2)
[1202/152835.214:ERROR:crash_report_database_win.cc(585)] GetFileAttributes C:\Users\99002591\AppData\Local\Temp\scoped_dir29492_1047370919\Crashpad: The system cannot find the file specified. (0x2)
[1202/152853.475:ERROR:crash_report_database_win.cc(585)] GetFileAttributes C:\Users\99002591\AppData\Local\Temp\scoped_dir28008_1301055531\Crashpad: The system cannot find the file specified. (0x2)
[1202/152913.242:ERROR:crash_report_database_win.cc(585)] GetFileAttributes C:\Users\99002591\AppData\Local\Temp\scoped_dir30204_558906306\Crashpad: The system cannot find the file specified. (0x2)
[1202/152942.334:ERROR:crash_report_database_win.cc(585)] GetFileAttributes C:\Users\99002591\AppData\Local\Temp\scoped_dir24844_682711499\Crashpad: The system cannot find the file specified. (0x2)
[1202/153001.885:ERROR:crash_report_database_win.cc(585)] GetFileAttributes C:\Users\99002591\AppData\Local\Temp\scoped_dir30580_1098480630\Crashpad: The system cannot find the file specified. (0x2)
[1202/153021.384:ERROR:crash_report_database_win.cc(585)] GetFileAttributes C:\Users\99002591\AppData\Local\Temp\scoped_dir30428_1663570086\Crashpad: The system cannot find the file specified. (0x2)
[1202/153036.680:ERROR:crash_report_database_win.cc(585)] GetFileAttributes C:\Users\99002591\AppData\Local\Temp\scoped_dir30512_1070943031\Crashpad: The system cannot find the file specified. (0x2)
[1202/153051.307:ERROR:crash_report_database_win.cc(585)] GetFileAttributes C:\Users\99002591\AppData\Local\Temp\scoped_dir29412_699541358\Crashpad: The system cannot find the file specified. (0x2)
[1202/153104.875:ERROR:crash_report_database_win.cc(585)] GetFileAttributes C:\Users\99002591\AppData\Local\Temp\scoped_dir28748_157151898\Crashpad: The system cannot find the file specified. (0x2)
[1202/153124.357:ERROR:crash_report_database_win.cc(585)] GetFileAttributes C:\Users\99002591\AppData\Local\Temp\scoped_dir26712_1932597407\Crashpad: The system cannot find the file specified. (0x2)
[1202/153151.355:ERROR:crash_report_database_win.cc(585)] GetFileAttributes C:\Users\99002591\AppData\Local\Temp\scoped_dir25768_1686553520\Crashpad: The system cannot find the file specified. (0x2)
[1202/153205.244:ERROR:crash_report_database_win.cc(585)] GetFileAttributes C:\Users\99002591\AppData\Local\Temp\scoped_dir26356_1324956740\Crashpad: The system cannot find the file specified. (0x2)
[1202/170037.470:ERROR:crash_report_database_win.cc(585)] GetFileAttributes C:\Users\99002591\AppData\Local\Temp\scoped_dir26312_1892784575\Crashpad: The system cannot find the file specified. (0x2)
[1202/170051.878:ERROR:crash_report_database_win.cc(585)] GetFileAttributes C:\Users\99002591\AppData\Local\Temp\scoped_dir25828_352365219\Crashpad: The system cannot find the file specified. (0x2)
[1202/170145.139:ERROR:crash_report_database_win.cc(585)] GetFileAttributes C:\Users\99002591\AppData\Local\Temp\scoped_dir27756_1513445088\Crashpad: The system cannot find the file specified. (0x2)
[1202/170158.775:ERROR:crash_report_database_win.cc(585)] GetFileAttributes C:\Users\99002591\AppData\Local\Temp\scoped_dir29480_870209488\Crashpad: The system cannot find the file specified. (0x2)
[1202/170253.179:ERROR:crash_report_database_win.cc(585)] GetFileAttributes C:\Users\99002591\AppData\Local\Temp\scoped_dir29468_809552803\Crashpad: The system cannot find the file specified. (0x2)
[1202/170555.425:ERROR:crash_report_database_win.cc(585)] GetFileAttributes C:\Users\99002591\AppData\Local\Temp\scoped_dir25072_1839941251\Crashpad: The system cannot find the file specified. (0x2)
[1202/170611.409:ERROR:crash_report_database_win.cc(585)] GetFileAttributes C:\Users\99002591\AppData\Local\Temp\scoped_dir28524_1484243982\Crashpad: The system cannot find the file specified. (0x2)
[1202/170658.320:ERROR:crash_report_database_win.cc(585)] GetFileAttributes C:\Users\99002591\AppData\Local\Temp\scoped_dir28924_1914993408\Crashpad: The system cannot find the file specified. (0x2)
[1202/170712.165:ERROR:crash_report_database_win.cc(585)] GetFileAttributes C:\Users\99002591\AppData\Local\Temp\scoped_dir29832_1693935689\Crashpad: The system cannot find the file specified. (0x2)
[1202/170754.786:ERROR:crash_report_database_win.cc(585)] GetFileAttributes C:\Users\99002591\AppData\Local\Temp\scoped_dir23924_1661395426\Crashpad: The system cannot find the file specified. (0x2)
[1202/170809.580:ERROR:crash_report_database_win.cc(585)] GetFileAttributes C:\Users\99002591\AppData\Local\Temp\scoped_dir11504_947360987\Crashpad: The system cannot find the file specified. (0x2)
[1202/171106.440:ERROR:crash_report_database_win.cc(585)] GetFileAttributes C:\Users\99002591\AppData\Local\Temp\scoped_dir26056_581298663\Crashpad: The system cannot find the file specified. (0x2)
[1202/171123.260:ERROR:crash_report_database_win.cc(585)] GetFileAttributes C:\Users\99002591\AppData\Local\Temp\scoped_dir29352_11088649\Crashpad: The system cannot find the file specified. (0x2)
[1202/171428.986:ERROR:crash_report_database_win.cc(585)] GetFileAttributes C:\Users\99002591\AppData\Local\Temp\scoped_dir19880_721801249\Crashpad: The system cannot find the file specified. (0x2)
[1202/171443.858:ERROR:crash_report_database_win.cc(585)] GetFileAttributes C:\Users\99002591\AppData\Local\Temp\scoped_dir30708_866062334\Crashpad: The system cannot find the file specified. (0x2)
[1202/171528.970:ERROR:crash_report_database_win.cc(585)] GetFileAttributes C:\Users\99002591\AppData\Local\Temp\scoped_dir30416_1914761546\Crashpad: The system cannot find the file specified. (0x2)
[1202/171544.708:ERROR:crash_report_database_win.cc(585)] GetFileAttributes C:\Users\99002591\AppData\Local\Temp\scoped_dir18448_1243447553\Crashpad: The system cannot find the file specified. (0x2)
[1202/172045.168:ERROR:crash_report_database_win.cc(585)] GetFileAttributes C:\Users\99002591\AppData\Local\Temp\scoped_dir29672_974898508\Crashpad: The system cannot find the file specified. (0x2)
[1202/172103.762:ERROR:crash_report_database_win.cc(585)] GetFileAttributes C:\Users\99002591\AppData\Local\Temp\scoped_dir18976_329767765\Crashpad: The system cannot find the file specified. (0x2)
[1202/172118.628:ERROR:crash_report_database_win.cc(585)] GetFileAttributes C:\Users\99002591\AppData\Local\Temp\scoped_dir27500_102964936\Crashpad: The system cannot find the file specified. (0x2)
[1202/172133.768:ERROR:crash_report_database_win.cc(585)] GetFileAttributes C:\Users\99002591\AppData\Local\Temp\scoped_dir26320_1737573389\Crashpad: The system cannot find the file specified. (0x2)
[1202/172236.603:ERROR:crash_report_database_win.cc(585)] GetFileAttributes C:\Users\99002591\AppData\Local\Temp\scoped_dir22192_196971255\Crashpad: The system cannot find the file specified. (0x2)
[1202/172437.898:ERROR:crash_report_database_win.cc(585)] GetFileAttributes C:\Users\99002591\AppData\Local\Temp\scoped_dir29724_1276565946\Crashpad: The system cannot find the file specified. (0x2)
[1202/172607.739:ERROR:crash_report_database_win.cc(585)] GetFileAttributes C:\Users\99002591\AppData\Local\Temp\scoped_dir30476_88118910\Crashpad: The system cannot find the file specified. (0x2)
[1202/172624.580:ERROR:crash_report_database_win.cc(585)] GetFileAttributes C:\Users\99002591\AppData\Local\Temp\scoped_dir30888_1422642431\Crashpad: The system cannot find the file specified. (0x2)
[1202/172639.788:ERROR:crash_report_database_win.cc(585)] GetFileAttributes C:\Users\99002591\AppData\Local\Temp\scoped_dir11780_454106442\Crashpad: The system cannot find the file specified. (0x2)
[1202/172655.018:ERROR:crash_report_database_win.cc(585)] GetFileAttributes C:\Users\99002591\AppData\Local\Temp\scoped_dir31436_1942182077\Crashpad: The system cannot find the file specified. (0x2)
[1202/172924.139:ERROR:crash_report_database_win.cc(585)] GetFileAttributes C:\Users\99002591\AppData\Local\Temp\scoped_dir30612_119333290\Crashpad: The system cannot find the file specified. (0x2)
[1202/172941.358:ERROR:crash_report_database_win.cc(585)] GetFileAttributes C:\Users\99002591\AppData\Local\Temp\scoped_dir29324_1326030077\Crashpad: The system cannot find the file specified. (0x2)
[1202/173000.204:ERROR:crash_report_database_win.cc(585)] GetFileAttributes C:\Users\99002591\AppData\Local\Temp\scoped_dir24304_1177040846\Crashpad: The system cannot find the file specified. (0x2)
[1202/173017.935:ERROR:crash_report_database_win.cc(585)] GetFileAttributes C:\Users\99002591\AppData\Local\Temp\scoped_dir29456_851163252\Crashpad: The system cannot find the file specified. (0x2)
[1202/173146.142:ERROR:crash_report_database_win.cc(585)] GetFileAttributes C:\Users\99002591\AppData\Local\Temp\scoped_dir23096_1753508610\Crashpad: The system cannot find the file specified. (0x2)
[1202/173203.022:ERROR:crash_report_database_win.cc(585)] GetFileAttributes C:\Users\99002591\AppData\Local\Temp\scoped_dir21072_339637486\Crashpad: The system cannot find the file specified. (0x2)
[1202/173220.008:ERROR:crash_report_database_win.cc(585)] GetFileAttributes C:\Users\99002591\AppData\Local\Temp\scoped_dir31572_676738133\Crashpad: The system cannot find the file specified. (0x2)
[1202/173250.287:ERROR:crash_report_database_win.cc(585)] GetFileAttributes C:\Users\99002591\AppData\Local\Temp\scoped_dir15152_529393097\Crashpad: The system cannot find the file specified. (0x2)
[1202/173307.886:ERROR:crash_report_database_win.cc(585)] GetFileAttributes C:\Users\99002591\AppData\Local\Temp\scoped_dir26328_361535109\Crashpad: The system cannot find the file specified. (0x2)
[1202/173326.504:ERROR:crash_report_database_win.cc(585)] GetFileAttributes C:\Users\99002591\AppData\Local\Temp\scoped_dir28352_245541422\Crashpad: The system cannot find the file specified. (0x2)
[1202/180131.907:ERROR:crash_report_database_win.cc(585)] GetFileAttributes C:\Users\99002591\AppData\Local\Temp\scoped_dir30504_1394072955\Crashpad: The system cannot find the file specified. (0x2)
[1202/180149.720:ERROR:crash_report_database_win.cc(585)] GetFileAttributes C:\Users\99002591\AppData\Local\Temp\scoped_dir20928_451401156\Crashpad: The system cannot find the file specified. (0x2)
[1202/180207.037:ERROR:crash_report_database_win.cc(585)] GetFileAttributes C:\Users\99002591\AppData\Local\Temp\scoped_dir31204_656499213\Crashpad: The system cannot find the file specified. (0x2)
[1202/180223.958:ERROR:crash_report_database_win.cc(585)] GetFileAttributes C:\Users\99002591\AppData\Local\Temp\scoped_dir17772_1044473015\Crashpad: The system cannot find the file specified. (0x2)
[1202/180241.100:ERROR:crash_report_database_win.cc(585)] GetFileAttributes C:\Users\99002591\AppData\Local\Temp\scoped_dir11660_1777455312\Crashpad: The system cannot find the file specified. (0x2)
[1202/180258.596:ERROR:crash_report_database_win.cc(585)] GetFileAttributes C:\Users\99002591\AppData\Local\Temp\scoped_dir27792_1873600284\Crashpad: The system cannot find the file specified. (0x2)
[1202/180317.405:ERROR:crash_report_database_win.cc(585)] GetFileAttributes C:\Users\99002591\AppData\Local\Temp\scoped_dir18604_108510306\Crashpad: The system cannot find the file specified. (0x2)
[1202/180332.621:ERROR:crash_report_database_win.cc(585)] GetFileAttributes C:\Users\99002591\AppData\Local\Temp\scoped_dir32092_1138637683\Crashpad: The system cannot find the file specified. (0x2)
[1202/180347.564:ERROR:crash_report_database_win.cc(585)] GetFileAttributes C:\Users\99002591\AppData\Local\Temp\scoped_dir31416_1364494697\Crashpad: The system cannot find the file specified. (0x2)
[1202/180405.281:ERROR:crash_report_database_win.cc(585)] GetFileAttributes C:\Users\99002591\AppData\Local\Temp\scoped_dir32496_1693502400\Crashpad: The system cannot find the file specified. (0x2)
[1202/180419.204:ERROR:crash_report_database_win.cc(585)] GetFileAttributes C:\Users\99002591\AppData\Local\Temp\scoped_dir32560_434622563\Crashpad: The system cannot find the file specified. (0x2)
[1202/182413.062:ERROR:crash_report_database_win.cc(585)] GetFileAttributes C:\Users\99002591\AppData\Local\Temp\scoped_dir24892_1977823849\Crashpad: The system cannot find the file specified. (0x2)
[1202/182430.385:ERROR:crash_report_database_win.cc(585)] GetFileAttributes C:\Users\99002591\AppData\Local\Temp\scoped_dir14852_995594270\Crashpad: The system cannot find the file specified. (0x2)
[1202/182447.616:ERROR:crash_report_database_win.cc(585)] GetFileAttributes C:\Users\99002591\AppData\Local\Temp\scoped_dir30628_939892928\Crashpad: The system cannot find the file specified. (0x2)
[1202/182505.207:ERROR:crash_report_database_win.cc(585)] GetFileAttributes C:\Users\99002591\AppData\Local\Temp\scoped_dir32764_897811462\Crashpad: The system cannot find the file specified. (0x2)
